MobileApp/build/intermediates/manifest_merge_blame_file/debug/manifest-merger-blame-debug-report.txt
1<?xml version="1.0" encoding="utf-8"?>
2<manifest xmlns:android="http://schemas.android.com/apk/res/android"
3    package="com.example.hacktues"
4    android:versionCode="1"
5    android:versionName="1.0" >
6
7    <uses-sdk
8        android:minSdkVersion="23"
8-->src/main/AndroidManifest.xml
9        android:targetSdkVersion="30" />
9-->src/main/AndroidManifest.xml
10
11    <!--
12         The ACCESS_COARSE/FINE_LOCATION permissions are not required to use
13         Google Maps Android API v2, but you must specify either coarse or fine
14         location permissions for the "MyLocation" functionality.
15    -->
16    <uses-permission android:name="android.permission.ACCESS_FINE_LOCATION" />
16-->src/main/AndroidManifest.xml:10:5-79
16-->src/main/AndroidManifest.xml:10:22-76
17
18    <uses-feature
18-->src/main/AndroidManifest.xml:12:5-84
19        android:name="android.hardware.camera"
19-->src/main/AndroidManifest.xml:12:19-57
20        android:required="true" />
20-->src/main/AndroidManifest.xml:12:58-81
21
22    <uses-permission android:name="android.permission.WRITE_EXTERNAL_STORAGE" />
22-->src/main/AndroidManifest.xml:13:5-80
22-->src/main/AndroidManifest.xml:13:22-78
23    <uses-permission android:name="android.permission.READ_EXTERNAL_STORAGE" />
23-->src/main/AndroidManifest.xml:14:5-79
23-->src/main/AndroidManifest.xml:14:22-77
24    <uses-permission android:name="android.permission.INTERNET" />
24-->src/main/AndroidManifest.xml:15:5-66
24-->src/main/AndroidManifest.xml:15:22-64
25    <uses-permission android:name="android.permission.CAMERA" /> <!-- Include required permissions for Google Maps API to run. -->
25-->[io.fotoapparat:fotoapparat:2.6.1] AndroidManifest.xml:9:5-65
25-->[io.fotoapparat:fotoapparat:2.6.1] AndroidManifest.xml:9:22-62
26    <uses-permission android:name="android.permission.ACCESS_NETWORK_STATE" />
26-->[com.google.android.gms:play-services-maps:17.0.0] AndroidManifest.xml:23:5-79
26-->[com.google.android.gms:play-services-maps:17.0.0] AndroidManifest.xml:23:22-76
27
28    <uses-feature
28-->[com.google.android.gms:play-services-maps:17.0.0] AndroidManifest.xml:26:5-28:35
29        android:glEsVersion="0x00020000"
29-->[com.google.android.gms:play-services-maps:17.0.0] AndroidManifest.xml:27:9-41
30        android:required="true" />
30-->[com.google.android.gms:play-services-maps:17.0.0] AndroidManifest.xml:28:9-32
31
32    <application
32-->src/main/AndroidManifest.xml:16:5-63:19
33        android:allowBackup="true"
33-->src/main/AndroidManifest.xml:17:9-35
34        android:appComponentFactory="androidx.core.app.CoreComponentFactory"
34-->[androidx.core:core:1.3.2] AndroidManifest.xml:24:18-86
35        android:debuggable="true"
36        android:extractNativeLibs="false"
37        android:icon="@mipmap/ic_launcher"
37-->src/main/AndroidManifest.xml:18:9-43
38        android:label="@string/app_name"
38-->src/main/AndroidManifest.xml:19:9-41
39        android:roundIcon="@mipmap/ic_launcher_round"
39-->src/main/AndroidManifest.xml:20:9-54
40        android:supportsRtl="true"
40-->src/main/AndroidManifest.xml:21:9-35
41        android:testOnly="true"
42        android:theme="@style/Theme.Hacktues" >
42-->src/main/AndroidManifest.xml:22:9-46
43
44        <!--
45             The API key for Google Maps-based APIs is defined as a string resource.
46             (See the file "res/values/google_maps_api.xml").
47             Note that the API key is linked to the encryption key used to sign the APK.
48             You need a different API key for each encryption key, including the release key that is used to
49             sign the APK for publishing.
50             You can define the keys for the debug and release targets in src/debug/ and src/release/.
51        -->
52        <meta-data
52-->src/main/AndroidManifest.xml:32:9-34:55
53            android:name="com.google.android.geo.API_KEY"
53-->src/main/AndroidManifest.xml:33:13-58
54            android:value="@string/google_maps_key" />
54-->src/main/AndroidManifest.xml:34:13-52
55
56        <activity
56-->src/main/AndroidManifest.xml:36:9-44:20
57            android:name="com.example.hacktues.MapsActivity"
57-->src/main/AndroidManifest.xml:37:13-41
58            android:label="@string/title_activity_maps" >
58-->src/main/AndroidManifest.xml:38:13-56
59            <intent-filter>
59-->src/main/AndroidManifest.xml:39:13-43:29
60                <action android:name="android.intent.action.MAIN" />
60-->src/main/AndroidManifest.xml:40:17-69
60-->src/main/AndroidManifest.xml:40:25-66
61
62                <category android:name="android.intent.category.LAUNCHER" />
62-->src/main/AndroidManifest.xml:42:17-77
62-->src/main/AndroidManifest.xml:42:27-74
63            </intent-filter>
64        </activity>
65        <activity
65-->src/main/AndroidManifest.xml:45:9-53:20
66            android:name="com.example.hacktues.CameraActivity"
66-->src/main/AndroidManifest.xml:46:13-43
67            android:label="@string/title_camera" >
67-->src/main/AndroidManifest.xml:47:13-49
68            <intent-filter>
68-->src/main/AndroidManifest.xml:39:13-43:29
69                <action android:name="android.intent.action.MAIN" />
69-->src/main/AndroidManifest.xml:40:17-69
69-->src/main/AndroidManifest.xml:40:25-66
70
71                <category android:name="android.intent.category.LAUNCHER" />
71-->src/main/AndroidManifest.xml:42:17-77
71-->src/main/AndroidManifest.xml:42:27-74
72            </intent-filter>
73        </activity>
74        <activity
74-->src/main/AndroidManifest.xml:54:9-62:20
75            android:name="com.example.hacktues.UploadActivity"
75-->src/main/AndroidManifest.xml:55:13-43
76            android:label="@string/title_upload" >
76-->src/main/AndroidManifest.xml:56:13-49
77            <intent-filter>
77-->src/main/AndroidManifest.xml:39:13-43:29
78                <action android:name="android.intent.action.MAIN" />
78-->src/main/AndroidManifest.xml:40:17-69
78-->src/main/AndroidManifest.xml:40:25-66
79
80                <category android:name="android.intent.category.LAUNCHER" />
80-->src/main/AndroidManifest.xml:42:17-77
80-->src/main/AndroidManifest.xml:42:27-74
81            </intent-filter>
82        </activity>
83        <!-- Needs to be explicitly declared on P+ -->
84        <uses-library
84-->[com.google.android.gms:play-services-maps:17.0.0] AndroidManifest.xml:33:9-35:40
85            android:name="org.apache.http.legacy"
85-->[com.google.android.gms:play-services-maps:17.0.0] AndroidManifest.xml:34:13-50
86            android:required="false" /> <!-- The minimal version code of ARCore APK required for an app using this SDK. -->
86-->[com.google.android.gms:play-services-maps:17.0.0] AndroidManifest.xml:35:13-37
87        <meta-data
87-->[com.google.ar:core:1.18.0] AndroidManifest.xml:32:9-34:41
88            android:name="com.google.ar.core.min_apk_version"
88-->[com.google.ar:core:1.18.0] AndroidManifest.xml:33:13-62
89            android:value="200501000" /> <!-- This activity is critical for installing ARCore when it is not already present. -->
89-->[com.google.ar:core:1.18.0] AndroidManifest.xml:34:13-38
90        <activity
90-->[com.google.ar:core:1.18.0] AndroidManifest.xml:36:9-42:80
91            android:name="com.google.ar.core.InstallActivity"
91-->[com.google.ar:core:1.18.0] AndroidManifest.xml:37:13-62
92            android:configChanges="keyboardHidden|orientation|screenSize"
92-->[com.google.ar:core:1.18.0] AndroidManifest.xml:38:13-74
93            android:excludeFromRecents="true"
93-->[com.google.ar:core:1.18.0] AndroidManifest.xml:39:13-46
94            android:exported="false"
94-->[com.google.ar:core:1.18.0] AndroidManifest.xml:40:13-37
95            android:launchMode="singleTop"
95-->[com.google.ar:core:1.18.0] AndroidManifest.xml:41:13-43
96            android:theme="@android:style/Theme.Material.Light.Dialog.Alert" />
96-->[com.google.ar:core:1.18.0] AndroidManifest.xml:42:13-77
97        <activity
97-->[com.google.android.gms:play-services-base:17.0.0] AndroidManifest.xml:23:9-26:75
98            android:name="com.google.android.gms.common.api.GoogleApiActivity"
98-->[com.google.android.gms:play-services-base:17.0.0] AndroidManifest.xml:24:13-79
99            android:exported="false"
99-->[com.google.android.gms:play-services-base:17.0.0] AndroidManifest.xml:25:13-37
100            android:theme="@android:style/Theme.Translucent.NoTitleBar" />
100-->[com.google.android.gms:play-services-base:17.0.0] AndroidManifest.xml:26:13-72
101
102        <meta-data
102-->[com.google.android.gms:play-services-basement:17.0.0] AndroidManifest.xml:23:9-25:69
103            android:name="com.google.android.gms.version"
103-->[com.google.android.gms:play-services-basement:17.0.0] AndroidManifest.xml:24:13-58
104            android:value="@integer/google_play_services_version" />
104-->[com.google.android.gms:play-services-basement:17.0.0] AndroidManifest.xml:25:13-66
105    </application>
106
107</manifest>